<?xml version="1.0" encoding="UTF-8"?>
<!-- Generated by org.testng.reporters.JUnitReportReporter -->
<testsuite hostname="Lenovo-PC" name="TestCases.Validatebook" tests="1" failures="0" timestamp="15 May 2021 21:54:50 GMT" time="19.832" errors="0">
  <testcase name="validateBookInfo" time="19.832" classname="TestCases.Validatebook"/>
</testsuite> <!-- TestCases.Validatebook -->
